<?xml version="1.0" encoding="UTF-8"?>
<testng-results ignored="0" total="1" passed="1" failed="0" skipped="0">
  <reporter-output>
  </reporter-output>
  <suite started-at="2026-06-30T13:18:35 IST" name="Surefire suite" finished-at="2026-06-30T13:18:51 IST" duration-ms="16144">
    <groups>
    </groups>
    <test started-at="2026-06-30T13:18:35 IST" name="Surefire test" finished-at="2026-06-30T13:18:51 IST" duration-ms="16144">
      <class name="com.demo.tests.PlaywrightFormFlowTest">
        <test-method is-config="true" signature="setUp()[pri:0, instance:com.demo.tests.PlaywrightFormFlowTest@122635ef]" started-at="2026-06-30T13:18:35 IST" name="setUp" finished-at="2026-06-30T13:18:45 IST" duration-ms="10482" status="PASS">
          <reporter-output>
          </reporter-output>
        </test-method> <!-- setUp -->
        <test-method signature="fillDataEntryForm()[pri:0, instance:com.demo.tests.PlaywrightFormFlowTest@122635ef]" started-at="2026-06-30T13:18:46 IST" name="fillDataEntryForm" finished-at="2026-06-30T13:18:50 IST" duration-ms="4461" status="PASS">
          <reporter-output>
          </reporter-output>
        </test-method> <!-- fillDataEntryForm -->
        <test-method is-config="true" signature="tearDown()[pri:0, instance:com.demo.tests.PlaywrightFormFlowTest@122635ef]" started-at="2026-06-30T13:18:50 IST" name="tearDown" finished-at="2026-06-30T13:18:51 IST" duration-ms="843" status="PASS">
          <reporter-output>
          </reporter-output>
        </test-method> <!-- tearDown -->
      </class> <!-- com.demo.tests.PlaywrightFormFlowTest -->
    </test> <!-- Surefire test -->
  </suite> <!-- Surefire suite -->
</testng-results>
