<?xml version="1.0" encoding="UTF-8"?>
<!-- Generated by org.testng.reporters.JUnitReportReporter -->
<testsuite hostname="DESKTOP-TA9O8J6" failures="0" tests="2" name="com.demo.tests.LoginTest" time="3.207" errors="0" timestamp="2026-06-30T11:28:12 IST" skipped="0">
  <testcase classname="com.demo.tests.LoginTest" name="validLoginShouldOpenInventory" time="1.587"/>
  <testcase classname="com.demo.tests.LoginTest" name="lockedUserShouldShowError" time="1.620"/>
</testsuite> <!-- com.demo.tests.LoginTest -->
